\BOOKMARK [0][-]{chapter.1}{\376\377\000H\000i\000e\000r\000a\000r\000c\000h\000i\000c\000a\000l\000\040\000I\000n\000d\000e\000x}{}% 1
\BOOKMARK [1][-]{section.1.1}{\376\377\000C\000l\000a\000s\000s\000\040\000H\000i\000e\000r\000a\000r\000c\000h\000y}{chapter.1}% 2
\BOOKMARK [0][-]{chapter.2}{\376\377\000C\000l\000a\000s\000s\000\040\000I\000n\000d\000e\000x}{}% 3
\BOOKMARK [1][-]{section.2.1}{\376\377\000C\000l\000a\000s\000s\000\040\000L\000i\000s\000t}{chapter.2}% 4
\BOOKMARK [0][-]{chapter.3}{\376\377\000C\000l\000a\000s\000s\000\040\000D\000o\000c\000u\000m\000e\000n\000t\000a\000t\000i\000o\000n}{}% 5
\BOOKMARK [1][-]{section.3.1}{\376\377\000a\000t\000.\000f\000h\000o\000o\000e\000.\000k\000l\000s\000.\000C\000h\000a\000t\000\040\000C\000l\000a\000s\000s\000\040\000R\000e\000f\000e\000r\000e\000n\000c\000e}{chapter.3}% 6
\BOOKMARK [2][-]{subsection.3.1.1}{\376\377\000D\000e\000t\000a\000i\000l\000e\000d\000\040\000D\000e\000s\000c\000r\000i\000p\000t\000i\000o\000n}{section.3.1}% 7
\BOOKMARK [2][-]{subsection.3.1.2}{\376\377\000M\000e\000m\000b\000e\000r\000\040\000F\000u\000n\000c\000t\000i\000o\000n\000\040\000D\000o\000c\000u\000m\000e\000n\000t\000a\000t\000i\000o\000n}{section.3.1}% 8
\BOOKMARK [3][-]{subsubsection.3.1.2.1}{\376\377\000o\000n\000C\000r\000e\000a\000t\000e}{subsection.3.1.2}% 9
\BOOKMARK [3][-]{subsubsection.3.1.2.2}{\376\377\000s\000e\000t\000C\000o\000n\000t\000a\000c\000t}{subsection.3.1.2}% 10
\BOOKMARK [1][-]{section.3.2}{\376\377\000a\000t\000.\000f\000h\000o\000o\000e\000.\000k\000l\000s\000.\000C\000h\000a\000t\000L\000i\000s\000t\000A\000d\000a\000p\000t\000e\000r\000\040\000C\000l\000a\000s\000s\000\040\000R\000e\000f\000e\000r\000e\000n\000c\000e}{chapter.3}% 11
\BOOKMARK [2][-]{subsection.3.2.1}{\376\377\000D\000e\000t\000a\000i\000l\000e\000d\000\040\000D\000e\000s\000c\000r\000i\000p\000t\000i\000o\000n}{section.3.2}% 12
\BOOKMARK [2][-]{subsection.3.2.2}{\376\377\000C\000o\000n\000s\000t\000r\000u\000c\000t\000o\000r\000\040\000\046\000\040\000D\000e\000s\000t\000r\000u\000c\000t\000o\000r\000\040\000D\000o\000c\000u\000m\000e\000n\000t\000a\000t\000i\000o\000n}{section.3.2}% 13
\BOOKMARK [3][-]{subsubsection.3.2.2.1}{\376\377\000C\000h\000a\000t\000L\000i\000s\000t\000A\000d\000a\000p\000t\000e\000r}{subsection.3.2.2}% 14
\BOOKMARK [1][-]{section.3.3}{\376\377\000a\000t\000.\000f\000h\000o\000o\000e\000.\000k\000l\000s\000.\000C\000h\000a\000t\000M\000e\000s\000s\000a\000g\000e\000\040\000C\000l\000a\000s\000s\000\040\000R\000e\000f\000e\000r\000e\000n\000c\000e}{chapter.3}% 15
\BOOKMARK [2][-]{subsection.3.3.1}{\376\377\000D\000e\000t\000a\000i\000l\000e\000d\000\040\000D\000e\000s\000c\000r\000i\000p\000t\000i\000o\000n}{section.3.3}% 16
\BOOKMARK [2][-]{subsection.3.3.2}{\376\377\000C\000o\000n\000s\000t\000r\000u\000c\000t\000o\000r\000\040\000\046\000\040\000D\000e\000s\000t\000r\000u\000c\000t\000o\000r\000\040\000D\000o\000c\000u\000m\000e\000n\000t\000a\000t\000i\000o\000n}{section.3.3}% 17
\BOOKMARK [3][-]{subsubsection.3.3.2.1}{\376\377\000C\000h\000a\000t\000M\000e\000s\000s\000a\000g\000e}{subsection.3.3.2}% 18
\BOOKMARK [3][-]{subsubsection.3.3.2.2}{\376\377\000C\000h\000a\000t\000M\000e\000s\000s\000a\000g\000e}{subsection.3.3.2}% 19
\BOOKMARK [3][-]{subsubsection.3.3.2.3}{\376\377\000C\000h\000a\000t\000M\000e\000s\000s\000a\000g\000e}{subsection.3.3.2}% 20
\BOOKMARK [2][-]{subsection.3.3.3}{\376\377\000M\000e\000m\000b\000e\000r\000\040\000F\000u\000n\000c\000t\000i\000o\000n\000\040\000D\000o\000c\000u\000m\000e\000n\000t\000a\000t\000i\000o\000n}{section.3.3}% 21
\BOOKMARK [3][-]{subsubsection.3.3.3.1}{\376\377\000g\000e\000t\000M\000e\000s\000s\000a\000g\000e}{subsection.3.3.3}% 22
\BOOKMARK [3][-]{subsubsection.3.3.3.2}{\376\377\000g\000e\000t\000S\000e\000n\000d\000e\000r}{subsection.3.3.3}% 23
\BOOKMARK [3][-]{subsubsection.3.3.3.3}{\376\377\000g\000e\000t\000T\000i\000m\000e}{subsection.3.3.3}% 24
\BOOKMARK [3][-]{subsubsection.3.3.3.4}{\376\377\000i\000s\000M\000i\000n\000e}{subsection.3.3.3}% 25
\BOOKMARK [3][-]{subsubsection.3.3.3.5}{\376\377\000s\000e\000t\000M\000e\000s\000s\000a\000g\000e}{subsection.3.3.3}% 26
\BOOKMARK [3][-]{subsubsection.3.3.3.6}{\376\377\000s\000e\000t\000S\000e\000n\000d\000e\000r}{subsection.3.3.3}% 27
\BOOKMARK [3][-]{subsubsection.3.3.3.7}{\376\377\000s\000e\000t\000T\000i\000m\000e}{subsection.3.3.3}% 28
\BOOKMARK [3][-]{subsubsection.3.3.3.8}{\376\377\000s\000h\000o\000r\000t\000T\000i\000m\000e}{subsection.3.3.3}% 29
\BOOKMARK [2][-]{subsection.3.3.4}{\376\377\000M\000e\000m\000b\000e\000r\000\040\000D\000a\000t\000a\000\040\000D\000o\000c\000u\000m\000e\000n\000t\000a\000t\000i\000o\000n}{section.3.3}% 30
\BOOKMARK [3][-]{subsubsection.3.3.4.1}{\376\377\000C\000R\000E\000A\000T\000O\000R}{subsection.3.3.4}% 31
\BOOKMARK [1][-]{section.3.4}{\376\377\000a\000t\000.\000f\000h\000o\000o\000e\000.\000k\000l\000s\000.\000C\000o\000n\000t\000a\000c\000t\000I\000t\000e\000m\000\040\000C\000l\000a\000s\000s\000\040\000R\000e\000f\000e\000r\000e\000n\000c\000e}{chapter.3}% 32
\BOOKMARK [2][-]{subsection.3.4.1}{\376\377\000D\000e\000t\000a\000i\000l\000e\000d\000\040\000D\000e\000s\000c\000r\000i\000p\000t\000i\000o\000n}{section.3.4}% 33
\BOOKMARK [2][-]{subsection.3.4.2}{\376\377\000C\000o\000n\000s\000t\000r\000u\000c\000t\000o\000r\000\040\000\046\000\040\000D\000e\000s\000t\000r\000u\000c\000t\000o\000r\000\040\000D\000o\000c\000u\000m\000e\000n\000t\000a\000t\000i\000o\000n}{section.3.4}% 34
\BOOKMARK [3][-]{subsubsection.3.4.2.1}{\376\377\000C\000o\000n\000t\000a\000c\000t\000I\000t\000e\000m}{subsection.3.4.2}% 35
\BOOKMARK [2][-]{subsection.3.4.3}{\376\377\000M\000e\000m\000b\000e\000r\000\040\000F\000u\000n\000c\000t\000i\000o\000n\000\040\000D\000o\000c\000u\000m\000e\000n\000t\000a\000t\000i\000o\000n}{section.3.4}% 36
\BOOKMARK [3][-]{subsubsection.3.4.3.1}{\376\377\000g\000e\000t\000K\000e\000y}{subsection.3.4.3}% 37
\BOOKMARK [3][-]{subsubsection.3.4.3.2}{\376\377\000g\000e\000t\000S\000t\000a\000t\000u\000s}{subsection.3.4.3}% 38
\BOOKMARK [3][-]{subsubsection.3.4.3.3}{\376\377\000g\000e\000t\000U\000s\000e\000r}{subsection.3.4.3}% 39
\BOOKMARK [3][-]{subsubsection.3.4.3.4}{\376\377\000i\000s\000A\000v\000a\000i\000l\000a\000b\000l\000e}{subsection.3.4.3}% 40
\BOOKMARK [3][-]{subsubsection.3.4.3.5}{\376\377\000s\000e\000t\000A\000v\000a\000i\000l\000a\000b\000l\000e}{subsection.3.4.3}% 41
\BOOKMARK [3][-]{subsubsection.3.4.3.6}{\376\377\000s\000e\000t\000K\000e\000y}{subsection.3.4.3}% 42
\BOOKMARK [3][-]{subsubsection.3.4.3.7}{\376\377\000s\000e\000t\000S\000t\000a\000t\000u\000s}{subsection.3.4.3}% 43
\BOOKMARK [3][-]{subsubsection.3.4.3.8}{\376\377\000s\000e\000t\000U\000s\000e\000r}{subsection.3.4.3}% 44
\BOOKMARK [2][-]{subsection.3.4.4}{\376\377\000M\000e\000m\000b\000e\000r\000\040\000D\000a\000t\000a\000\040\000D\000o\000c\000u\000m\000e\000n\000t\000a\000t\000i\000o\000n}{section.3.4}% 45
\BOOKMARK [3][-]{subsubsection.3.4.4.1}{\376\377\000C\000R\000E\000A\000T\000O\000R}{subsection.3.4.4}% 46
\BOOKMARK [1][-]{section.3.5}{\376\377\000a\000t\000.\000f\000h\000o\000o\000e\000.\000k\000l\000s\000.\000C\000o\000n\000t\000a\000c\000t\000L\000i\000s\000t\000A\000d\000a\000p\000t\000e\000r\000\040\000C\000l\000a\000s\000s\000\040\000R\000e\000f\000e\000r\000e\000n\000c\000e}{chapter.3}% 47
\BOOKMARK [2][-]{subsection.3.5.1}{\376\377\000D\000e\000t\000a\000i\000l\000e\000d\000\040\000D\000e\000s\000c\000r\000i\000p\000t\000i\000o\000n}{section.3.5}% 48
\BOOKMARK [2][-]{subsection.3.5.2}{\376\377\000C\000o\000n\000s\000t\000r\000u\000c\000t\000o\000r\000\040\000\046\000\040\000D\000e\000s\000t\000r\000u\000c\000t\000o\000r\000\040\000D\000o\000c\000u\000m\000e\000n\000t\000a\000t\000i\000o\000n}{section.3.5}% 49
\BOOKMARK [3][-]{subsubsection.3.5.2.1}{\376\377\000C\000o\000n\000t\000a\000c\000t\000L\000i\000s\000t\000A\000d\000a\000p\000t\000e\000r}{subsection.3.5.2}% 50
\BOOKMARK [1][-]{section.3.6}{\376\377\000a\000t\000.\000f\000h\000o\000o\000e\000.\000k\000l\000s\000.\000H\000a\000s\000h\000\040\000C\000l\000a\000s\000s\000\040\000R\000e\000f\000e\000r\000e\000n\000c\000e}{chapter.3}% 51
\BOOKMARK [2][-]{subsection.3.6.1}{\376\377\000D\000e\000t\000a\000i\000l\000e\000d\000\040\000D\000e\000s\000c\000r\000i\000p\000t\000i\000o\000n}{section.3.6}% 52
\BOOKMARK [2][-]{subsection.3.6.2}{\376\377\000M\000e\000m\000b\000e\000r\000\040\000F\000u\000n\000c\000t\000i\000o\000n\000\040\000D\000o\000c\000u\000m\000e\000n\000t\000a\000t\000i\000o\000n}{section.3.6}% 53
\BOOKMARK [3][-]{subsubsection.3.6.2.1}{\376\377\000S\000H\000A\0002\0005\0006}{subsection.3.6.2}% 54
\BOOKMARK [2][-]{subsection.3.6.3}{\376\377\000M\000e\000m\000b\000e\000r\000\040\000D\000a\000t\000a\000\040\000D\000o\000c\000u\000m\000e\000n\000t\000a\000t\000i\000o\000n}{section.3.6}% 55
\BOOKMARK [3][-]{subsubsection.3.6.3.1}{\376\377\000D\000I\000G\000E\000S\000T\000\137\000A\000L\000G\000O\000R\000I\000T\000H\000M}{subsection.3.6.3}% 56
\BOOKMARK [1][-]{section.3.7}{\376\377\000a\000t\000.\000f\000h\000o\000o\000e\000.\000k\000l\000s\000.\000I\000S\000M\000S\000A\000d\000a\000p\000t\000e\000r\000\040\000I\000n\000t\000e\000r\000f\000a\000c\000e\000\040\000R\000e\000f\000e\000r\000e\000n\000c\000e}{chapter.3}% 57
\BOOKMARK [2][-]{subsection.3.7.1}{\376\377\000D\000e\000t\000a\000i\000l\000e\000d\000\040\000D\000e\000s\000c\000r\000i\000p\000t\000i\000o\000n}{section.3.7}% 58
\BOOKMARK [2][-]{subsection.3.7.2}{\376\377\000M\000e\000m\000b\000e\000r\000\040\000F\000u\000n\000c\000t\000i\000o\000n\000\040\000D\000o\000c\000u\000m\000e\000n\000t\000a\000t\000i\000o\000n}{section.3.7}% 59
\BOOKMARK [3][-]{subsubsection.3.7.2.1}{\376\377\000c\000l\000o\000s\000e}{subsection.3.7.2}% 60
\BOOKMARK [3][-]{subsubsection.3.7.2.2}{\376\377\000c\000r\000e\000a\000t\000e\000N\000o\000t\000e}{subsection.3.7.2}% 61
\BOOKMARK [3][-]{subsubsection.3.7.2.3}{\376\377\000f\000e\000t\000c\000h\000N\000o\000t\000e}{subsection.3.7.2}% 62
\BOOKMARK [3][-]{subsubsection.3.7.2.4}{\376\377\000g\000e\000t\000K\000e\000y}{subsection.3.7.2}% 63
\BOOKMARK [3][-]{subsubsection.3.7.2.5}{\376\377\000i\000s\000O\000p\000e\000n}{subsection.3.7.2}% 64
\BOOKMARK [3][-]{subsubsection.3.7.2.6}{\376\377\000o\000p\000e\000n}{subsection.3.7.2}% 65
\BOOKMARK [1][-]{section.3.8}{\376\377\000a\000t\000.\000f\000h\000o\000o\000e\000.\000k\000l\000s\000.\000P\000a\000s\000s\000w\000o\000r\000d\000P\000o\000p\000U\000p\000\040\000C\000l\000a\000s\000s\000\040\000R\000e\000f\000e\000r\000e\000n\000c\000e}{chapter.3}% 66
\BOOKMARK [2][-]{subsection.3.8.1}{\376\377\000D\000e\000t\000a\000i\000l\000e\000d\000\040\000D\000e\000s\000c\000r\000i\000p\000t\000i\000o\000n}{section.3.8}% 67
\BOOKMARK [1][-]{section.3.9}{\376\377\000a\000t\000.\000f\000h\000o\000o\000e\000.\000k\000l\000s\000.\000S\000e\000c\000u\000r\000e\000S\000h\000a\000r\000e\000d\000P\000r\000e\000f\000A\000d\000a\000p\000t\000e\000r\000\040\000C\000l\000a\000s\000s\000\040\000R\000e\000f\000e\000r\000e\000n\000c\000e}{chapter.3}% 68
\BOOKMARK [2][-]{subsection.3.9.1}{\376\377\000D\000e\000t\000a\000i\000l\000e\000d\000\040\000D\000e\000s\000c\000r\000i\000p\000t\000i\000o\000n}{section.3.9}% 69
\BOOKMARK [1][-]{section.3.10}{\376\377\000a\000t\000.\000f\000h\000o\000o\000e\000.\000k\000l\000s\000.\000S\000e\000c\000u\000r\000e\000S\000M\000S\000A\000c\000t\000i\000v\000i\000t\000y\000\040\000C\000l\000a\000s\000s\000\040\000R\000e\000f\000e\000r\000e\000n\000c\000e}{chapter.3}% 70
\BOOKMARK [2][-]{subsection.3.10.1}{\376\377\000D\000e\000t\000a\000i\000l\000e\000d\000\040\000D\000e\000s\000c\000r\000i\000p\000t\000i\000o\000n}{section.3.10}% 71
\BOOKMARK [2][-]{subsection.3.10.2}{\376\377\000M\000e\000m\000b\000e\000r\000\040\000F\000u\000n\000c\000t\000i\000o\000n\000\040\000D\000o\000c\000u\000m\000e\000n\000t\000a\000t\000i\000o\000n}{section.3.10}% 72
\BOOKMARK [3][-]{subsubsection.3.10.2.1}{\376\377\000o\000n\000C\000r\000e\000a\000t\000e}{subsection.3.10.2}% 73
\BOOKMARK [3][-]{subsubsection.3.10.2.2}{\376\377\000s\000h\000o\000w\000Q\000r\000C\000o\000d\000e}{subsection.3.10.2}% 74
\BOOKMARK [1][-]{section.3.11}{\376\377\000a\000t\000.\000f\000h\000o\000o\000e\000.\000k\000l\000s\000.\000S\000e\000c\000u\000r\000e\000S\000M\000S\000A\000d\000a\000p\000t\000e\000r\000\040\000C\000l\000a\000s\000s\000\040\000R\000e\000f\000e\000r\000e\000n\000c\000e}{chapter.3}% 75
\BOOKMARK [2][-]{subsection.3.11.1}{\376\377\000D\000e\000t\000a\000i\000l\000e\000d\000\040\000D\000e\000s\000c\000r\000i\000p\000t\000i\000o\000n}{section.3.11}% 76
\BOOKMARK [2][-]{subsection.3.11.2}{\376\377\000M\000e\000m\000b\000e\000r\000\040\000F\000u\000n\000c\000t\000i\000o\000n\000\040\000D\000o\000c\000u\000m\000e\000n\000t\000a\000t\000i\000o\000n}{section.3.11}% 77
\BOOKMARK [3][-]{subsubsection.3.11.2.1}{\376\377\000c\000l\000o\000s\000e}{subsection.3.11.2}% 78
\BOOKMARK [3][-]{subsubsection.3.11.2.2}{\376\377\000c\000r\000e\000a\000t\000e\000N\000o\000t\000e}{subsection.3.11.2}% 79
\BOOKMARK [3][-]{subsubsection.3.11.2.3}{\376\377\000f\000e\000t\000c\000h\000N\000o\000t\000e}{subsection.3.11.2}% 80
\BOOKMARK [3][-]{subsubsection.3.11.2.4}{\376\377\000g\000e\000t\000I\000n\000s\000t\000a\000n\000c\000e}{subsection.3.11.2}% 81
\BOOKMARK [3][-]{subsubsection.3.11.2.5}{\376\377\000g\000e\000t\000K\000e\000y}{subsection.3.11.2}% 82
\BOOKMARK [3][-]{subsubsection.3.11.2.6}{\376\377\000i\000s\000O\000p\000e\000n}{subsection.3.11.2}% 83
\BOOKMARK [3][-]{subsubsection.3.11.2.7}{\376\377\000o\000p\000e\000n}{subsection.3.11.2}% 84
\BOOKMARK [1][-]{section.3.12}{\376\377\000a\000t\000.\000f\000h\000o\000o\000e\000.\000k\000l\000s\000.\000S\000M\000S\000A\000d\000a\000p\000t\000e\000r\000\040\000C\000l\000a\000s\000s\000\040\000R\000e\000f\000e\000r\000e\000n\000c\000e}{chapter.3}% 85
\BOOKMARK [2][-]{subsection.3.12.1}{\376\377\000D\000e\000t\000a\000i\000l\000e\000d\000\040\000D\000e\000s\000c\000r\000i\000p\000t\000i\000o\000n}{section.3.12}% 86
\BOOKMARK [2][-]{subsection.3.12.2}{\376\377\000C\000o\000n\000s\000t\000r\000u\000c\000t\000o\000r\000\040\000\046\000\040\000D\000e\000s\000t\000r\000u\000c\000t\000o\000r\000\040\000D\000o\000c\000u\000m\000e\000n\000t\000a\000t\000i\000o\000n}{section.3.12}% 87
\BOOKMARK [3][-]{subsubsection.3.12.2.1}{\376\377\000S\000M\000S\000A\000d\000a\000p\000t\000e\000r}{subsection.3.12.2}% 88
\BOOKMARK [2][-]{subsection.3.12.3}{\376\377\000M\000e\000m\000b\000e\000r\000\040\000F\000u\000n\000c\000t\000i\000o\000n\000\040\000D\000o\000c\000u\000m\000e\000n\000t\000a\000t\000i\000o\000n}{section.3.12}% 89
\BOOKMARK [3][-]{subsubsection.3.12.3.1}{\376\377\000c\000l\000o\000s\000e}{subsection.3.12.3}% 90
\BOOKMARK [3][-]{subsubsection.3.12.3.2}{\376\377\000c\000r\000e\000a\000t\000e\000N\000o\000t\000e}{subsection.3.12.3}% 91
\BOOKMARK [3][-]{subsubsection.3.12.3.3}{\376\377\000f\000e\000t\000c\000h\000N\000o\000t\000e}{subsection.3.12.3}% 92
\BOOKMARK [3][-]{subsubsection.3.12.3.4}{\376\377\000g\000e\000t\000I\000n\000s\000t\000a\000n\000c\000e}{subsection.3.12.3}% 93
\BOOKMARK [3][-]{subsubsection.3.12.3.5}{\376\377\000g\000e\000t\000K\000e\000y}{subsection.3.12.3}% 94
\BOOKMARK [3][-]{subsubsection.3.12.3.6}{\376\377\000i\000s\000O\000p\000e\000n}{subsection.3.12.3}% 95
\BOOKMARK [3][-]{subsubsection.3.12.3.7}{\376\377\000o\000p\000e\000n}{subsection.3.12.3}% 96
\BOOKMARK [2][-]{subsection.3.12.4}{\376\377\000M\000e\000m\000b\000e\000r\000\040\000D\000a\000t\000a\000\040\000D\000o\000c\000u\000m\000e\000n\000t\000a\000t\000i\000o\000n}{section.3.12}% 97
\BOOKMARK [3][-]{subsubsection.3.12.4.1}{\376\377\000P\000R\000E\000F\000S\000\137\000N\000A\000M\000E}{subsection.3.12.4}% 98
\BOOKMARK [1][-]{section.3.13}{\376\377\000a\000t\000.\000f\000h\000o\000o\000e\000.\000k\000l\000s\000.\000S\000t\000a\000r\000t\000U\000p\000\040\000C\000l\000a\000s\000s\000\040\000R\000e\000f\000e\000r\000e\000n\000c\000e}{chapter.3}% 99
\BOOKMARK [2][-]{subsection.3.13.1}{\376\377\000D\000e\000t\000a\000i\000l\000e\000d\000\040\000D\000e\000s\000c\000r\000i\000p\000t\000i\000o\000n}{section.3.13}% 100
\BOOKMARK [2][-]{subsection.3.13.2}{\376\377\000M\000e\000m\000b\000e\000r\000\040\000F\000u\000n\000c\000t\000i\000o\000n\000\040\000D\000o\000c\000u\000m\000e\000n\000t\000a\000t\000i\000o\000n}{section.3.13}% 101
\BOOKMARK [3][-]{subsubsection.3.13.2.1}{\376\377\000c\000h\000e\000c\000k\000L\000o\000g\000i\000n}{subsection.3.13.2}% 102
\BOOKMARK [2][-]{subsection.3.13.3}{\376\377\000M\000e\000m\000b\000e\000r\000\040\000D\000a\000t\000a\000\040\000D\000o\000c\000u\000m\000e\000n\000t\000a\000t\000i\000o\000n}{section.3.13}% 103
\BOOKMARK [3][-]{subsubsection.3.13.3.1}{\376\377\000P\000R\000E\000F\000S\000\137\000N\000A\000M\000E}{subsection.3.13.3}% 104
\BOOKMARK [1][-]{section.3.14}{\376\377\000a\000t\000.\000f\000h\000o\000o\000e\000.\000k\000l\000s\000.\000U\000t\000i\000l\000\040\000C\000l\000a\000s\000s\000\040\000R\000e\000f\000e\000r\000e\000n\000c\000e}{chapter.3}% 105
\BOOKMARK [2][-]{subsection.3.14.1}{\376\377\000D\000e\000t\000a\000i\000l\000e\000d\000\040\000D\000e\000s\000c\000r\000i\000p\000t\000i\000o\000n}{section.3.14}% 106
\BOOKMARK [2][-]{subsection.3.14.2}{\376\377\000M\000e\000m\000b\000e\000r\000\040\000F\000u\000n\000c\000t\000i\000o\000n\000\040\000D\000o\000c\000u\000m\000e\000n\000t\000a\000t\000i\000o\000n}{section.3.14}% 107
\BOOKMARK [3][-]{subsubsection.3.14.2.1}{\376\377\000d\000e\000c\000r\000y\000p\000t}{subsection.3.14.2}% 108
\BOOKMARK [3][-]{subsubsection.3.14.2.2}{\376\377\000e\000n\000c\000r\000y\000p\000t}{subsection.3.14.2}% 109
\BOOKMARK [3][-]{subsubsection.3.14.2.3}{\376\377\000g\000e\000n\000e\000r\000a\000t\000e\000S\000e\000e\000d}{subsection.3.14.2}% 110
\BOOKMARK [3][-]{subsubsection.3.14.2.4}{\376\377\000g\000e\000t\000K\000e\000y}{subsection.3.14.2}% 111
\BOOKMARK [3][-]{subsubsection.3.14.2.5}{\376\377\000g\000e\000t\000R\000a\000w\000K\000e\000y}{subsection.3.14.2}% 112
\BOOKMARK [3][-]{subsubsection.3.14.2.6}{\376\377\000s\000h\000o\000w\000T\000o\000a\000s\000t}{subsection.3.14.2}% 113
\BOOKMARK [3][-]{subsubsection.3.14.2.7}{\376\377\000t\000o\000B\000y\000t\000e}{subsection.3.14.2}% 114
\BOOKMARK [3][-]{subsubsection.3.14.2.8}{\376\377\000t\000o\000H\000e\000x}{subsection.3.14.2}% 115
\BOOKMARK [1][-]{section.3.15}{\376\377\000a\000t\000.\000f\000h\000o\000o\000e\000.\000k\000l\000s\000.\000X\000M\000P\000P\000C\000l\000i\000e\000n\000t\000\040\000C\000l\000a\000s\000s\000\040\000R\000e\000f\000e\000r\000e\000n\000c\000e}{chapter.3}% 116
\BOOKMARK [2][-]{subsection.3.15.1}{\376\377\000D\000e\000t\000a\000i\000l\000e\000d\000\040\000D\000e\000s\000c\000r\000i\000p\000t\000i\000o\000n}{section.3.15}% 117
\BOOKMARK [2][-]{subsection.3.15.2}{\376\377\000M\000e\000m\000b\000e\000r\000\040\000F\000u\000n\000c\000t\000i\000o\000n\000\040\000D\000o\000c\000u\000m\000e\000n\000t\000a\000t\000i\000o\000n}{section.3.15}% 118
\BOOKMARK [3][-]{subsubsection.3.15.2.1}{\376\377\000g\000e\000t\000C\000o\000n\000n\000e\000c\000t\000i\000o\000n}{subsection.3.15.2}% 119
\BOOKMARK [3][-]{subsubsection.3.15.2.2}{\376\377\000g\000e\000t\000I\000n\000s\000t\000a\000n\000c\000e}{subsection.3.15.2}% 120
\BOOKMARK [3][-]{subsubsection.3.15.2.3}{\376\377\000g\000e\000t\000R\000o\000s\000t\000e\000r}{subsection.3.15.2}% 121
\BOOKMARK [3][-]{subsubsection.3.15.2.4}{\376\377\000i\000s\000C\000o\000n\000n\000e\000c\000t\000e\000d}{subsection.3.15.2}% 122
\BOOKMARK [3][-]{subsubsection.3.15.2.5}{\376\377\000l\000o\000g\000i\000n}{subsection.3.15.2}% 123
\BOOKMARK [3][-]{subsubsection.3.15.2.6}{\376\377\000s\000e\000n\000d\000M\000e\000s\000s\000a\000g\000e}{subsection.3.15.2}% 124
\BOOKMARK [1][-]{section.3.16}{\376\377\000a\000t\000.\000f\000h\000o\000o\000e\000.\000k\000l\000s\000.\000X\000M\000P\000P\000L\000o\000g\000i\000c\000\040\000C\000l\000a\000s\000s\000\040\000R\000e\000f\000e\000r\000e\000n\000c\000e}{chapter.3}% 125
\BOOKMARK [2][-]{subsection.3.16.1}{\376\377\000D\000e\000t\000a\000i\000l\000e\000d\000\040\000D\000e\000s\000c\000r\000i\000p\000t\000i\000o\000n}{section.3.16}% 126
\BOOKMARK [2][-]{subsection.3.16.2}{\376\377\000M\000e\000m\000b\000e\000r\000\040\000F\000u\000n\000c\000t\000i\000o\000n\000\040\000D\000o\000c\000u\000m\000e\000n\000t\000a\000t\000i\000o\000n}{section.3.16}% 127
\BOOKMARK [3][-]{subsubsection.3.16.2.1}{\376\377\000g\000e\000t\000C\000o\000n\000n\000e\000c\000t\000i\000o\000n}{subsection.3.16.2}% 128
\BOOKMARK [3][-]{subsubsection.3.16.2.2}{\376\377\000g\000e\000t\000I\000n\000s\000t\000a\000n\000c\000e}{subsection.3.16.2}% 129
\BOOKMARK [3][-]{subsubsection.3.16.2.3}{\376\377\000s\000e\000t\000C\000o\000n\000n\000e\000c\000t\000i\000o\000n}{subsection.3.16.2}% 130
\BOOKMARK [-1][-]{table.3.54}{\376\377\000I\000n\000d\000e\000x}{}% 131
