\BOOKMARK [0][-]{chapter.1}{\376\377\000H\000i\000e\000r\000a\000r\000c\000h\000i\000c\000a\000l\000\040\000I\000n\000d\000e\000x}{}% 1
\BOOKMARK [1][-]{section.1.1}{\376\377\000C\000l\000a\000s\000s\000\040\000H\000i\000e\000r\000a\000r\000c\000h\000y}{chapter.1}% 2
\BOOKMARK [0][-]{chapter.2}{\376\377\000C\000l\000a\000s\000s\000\040\000I\000n\000d\000e\000x}{}% 3
\BOOKMARK [1][-]{section.2.1}{\376\377\000C\000l\000a\000s\000s\000\040\000L\000i\000s\000t}{chapter.2}% 4
\BOOKMARK [0][-]{chapter.3}{\376\377\000F\000i\000l\000e\000\040\000I\000n\000d\000e\000x}{}% 5
\BOOKMARK [1][-]{section.3.1}{\376\377\000F\000i\000l\000e\000\040\000L\000i\000s\000t}{chapter.3}% 6
\BOOKMARK [0][-]{chapter.4}{\376\377\000C\000l\000a\000s\000s\000\040\000D\000o\000c\000u\000m\000e\000n\000t\000a\000t\000i\000o\000n}{}% 7
\BOOKMARK [1][-]{section.4.1}{\376\377\000S\000e\000r\000v\000e\000r\000\040\000C\000l\000a\000s\000s\000\040\000R\000e\000f\000e\000r\000e\000n\000c\000e}{chapter.4}% 8
\BOOKMARK [2][-]{subsection.4.1.1}{\376\377\000D\000e\000t\000a\000i\000l\000e\000d\000\040\000D\000e\000s\000c\000r\000i\000p\000t\000i\000o\000n}{section.4.1}% 9
\BOOKMARK [2][-]{subsection.4.1.2}{\376\377\000M\000e\000m\000b\000e\000r\000\040\000F\000u\000n\000c\000t\000i\000o\000n\000\040\000D\000o\000c\000u\000m\000e\000n\000t\000a\000t\000i\000o\000n}{section.4.1}% 10
\BOOKMARK [3][-]{subsubsection.4.1.2.1}{\376\377\000h\000a\000n\000d\000l\000e\000X\000M\000P\000P\000M\000e\000s\000s\000a\000g\000e}{subsection.4.1.2}% 11
\BOOKMARK [1][-]{section.4.2}{\376\377\000W\000T\000F\000C\000o\000n\000n\000e\000c\000t\000i\000o\000n\000\040\000C\000l\000a\000s\000s\000\040\000R\000e\000f\000e\000r\000e\000n\000c\000e}{chapter.4}% 12
\BOOKMARK [2][-]{subsection.4.2.1}{\376\377\000D\000e\000t\000a\000i\000l\000e\000d\000\040\000D\000e\000s\000c\000r\000i\000p\000t\000i\000o\000n}{section.4.2}% 13
\BOOKMARK [2][-]{subsection.4.2.2}{\376\377\000C\000o\000n\000s\000t\000r\000u\000c\000t\000o\000r\000\040\000\046\000\040\000D\000e\000s\000t\000r\000u\000c\000t\000o\000r\000\040\000D\000o\000c\000u\000m\000e\000n\000t\000a\000t\000i\000o\000n}{section.4.2}% 14
\BOOKMARK [3][-]{subsubsection.4.2.2.1}{\376\377\000W\000T\000F\000C\000o\000n\000n\000e\000c\000t\000i\000o\000n}{subsection.4.2.2}% 15
\BOOKMARK [3][-]{subsubsection.4.2.2.2}{\376\377\000W\000T\000F\000C\000o\000n\000n\000e\000c\000t\000i\000o\000n}{subsection.4.2.2}% 16
\BOOKMARK [3][-]{subsubsection.4.2.2.3}{\376\377\000W\000T\000F\000C\000o\000n\000n\000e\000c\000t\000i\000o\000n}{subsection.4.2.2}% 17
\BOOKMARK [2][-]{subsection.4.2.3}{\376\377\000M\000e\000m\000b\000e\000r\000\040\000F\000u\000n\000c\000t\000i\000o\000n\000\040\000D\000o\000c\000u\000m\000e\000n\000t\000a\000t\000i\000o\000n}{section.4.2}% 18
\BOOKMARK [3][-]{subsubsection.4.2.3.1}{\376\377\000t\000o\000S\000t\000r\000i\000n\000g}{subsection.4.2.3}% 19
\BOOKMARK [1][-]{section.4.3}{\376\377\000X\000m\000p\000p\000C\000o\000n\000n\000e\000c\000t\000i\000o\000n\000H\000a\000n\000d\000l\000e\000r\000\040\000C\000l\000a\000s\000s\000\040\000R\000e\000f\000e\000r\000e\000n\000c\000e}{chapter.4}% 20
\BOOKMARK [2][-]{subsection.4.3.1}{\376\377\000D\000e\000t\000a\000i\000l\000e\000d\000\040\000D\000e\000s\000c\000r\000i\000p\000t\000i\000o\000n}{section.4.3}% 21
\BOOKMARK [2][-]{subsection.4.3.2}{\376\377\000C\000o\000n\000s\000t\000r\000u\000c\000t\000o\000r\000\040\000\046\000\040\000D\000e\000s\000t\000r\000u\000c\000t\000o\000r\000\040\000D\000o\000c\000u\000m\000e\000n\000t\000a\000t\000i\000o\000n}{section.4.3}% 22
\BOOKMARK [3][-]{subsubsection.4.3.2.1}{\376\377\000X\000m\000p\000p\000C\000o\000n\000n\000e\000c\000t\000i\000o\000n\000H\000a\000n\000d\000l\000e\000r}{subsection.4.3.2}% 23
\BOOKMARK [2][-]{subsection.4.3.3}{\376\377\000M\000e\000m\000b\000e\000r\000\040\000F\000u\000n\000c\000t\000i\000o\000n\000\040\000D\000o\000c\000u\000m\000e\000n\000t\000a\000t\000i\000o\000n}{section.4.3}% 24
\BOOKMARK [3][-]{subsubsection.4.3.3.1}{\376\377\000c\000o\000n\000n\000e\000c\000t\000i\000o\000n\000C\000l\000o\000s\000e\000d}{subsection.4.3.3}% 25
\BOOKMARK [3][-]{subsubsection.4.3.3.2}{\376\377\000c\000o\000n\000n\000e\000c\000t\000i\000o\000n\000C\000l\000o\000s\000e\000d\000O\000n\000E\000r\000r\000o\000r}{subsection.4.3.3}% 26
\BOOKMARK [3][-]{subsubsection.4.3.3.3}{\376\377\000p\000r\000i\000n\000t\000P\000a\000c\000k\000e\000t}{subsection.4.3.3}% 27
\BOOKMARK [3][-]{subsubsection.4.3.3.4}{\376\377\000p\000r\000o\000c\000e\000s\000s\000P\000a\000c\000k\000e\000t}{subsection.4.3.3}% 28
\BOOKMARK [3][-]{subsubsection.4.3.3.5}{\376\377\000r\000e\000c\000o\000n\000n\000e\000c\000t\000i\000n\000g\000I\000n}{subsection.4.3.3}% 29
\BOOKMARK [3][-]{subsubsection.4.3.3.6}{\376\377\000r\000e\000c\000o\000n\000n\000e\000c\000t\000i\000o\000n\000F\000a\000i\000l\000e\000d}{subsection.4.3.3}% 30
\BOOKMARK [3][-]{subsubsection.4.3.3.7}{\376\377\000r\000e\000c\000o\000n\000n\000e\000c\000t\000i\000o\000n\000S\000u\000c\000c\000e\000s\000s\000f\000u\000l}{subsection.4.3.3}% 31
\BOOKMARK [1][-]{section.4.4}{\376\377\000X\000m\000p\000p\000G\000a\000t\000e\000w\000a\000y\000\040\000C\000l\000a\000s\000s\000\040\000R\000e\000f\000e\000r\000e\000n\000c\000e}{chapter.4}% 32
\BOOKMARK [2][-]{subsection.4.4.1}{\376\377\000D\000e\000t\000a\000i\000l\000e\000d\000\040\000D\000e\000s\000c\000r\000i\000p\000t\000i\000o\000n}{section.4.4}% 33
\BOOKMARK [2][-]{subsection.4.4.2}{\376\377\000C\000o\000n\000s\000t\000r\000u\000c\000t\000o\000r\000\040\000\046\000\040\000D\000e\000s\000t\000r\000u\000c\000t\000o\000r\000\040\000D\000o\000c\000u\000m\000e\000n\000t\000a\000t\000i\000o\000n}{section.4.4}% 34
\BOOKMARK [3][-]{subsubsection.4.4.2.1}{\376\377\000X\000m\000p\000p\000G\000a\000t\000e\000w\000a\000y}{subsection.4.4.2}% 35
\BOOKMARK [2][-]{subsection.4.4.3}{\376\377\000M\000e\000m\000b\000e\000r\000\040\000F\000u\000n\000c\000t\000i\000o\000n\000\040\000D\000o\000c\000u\000m\000e\000n\000t\000a\000t\000i\000o\000n}{section.4.4}% 36
\BOOKMARK [3][-]{subsubsection.4.4.3.1}{\376\377\000i\000n\000i\000t\000U\000I}{subsection.4.4.3}% 37
\BOOKMARK [3][-]{subsubsection.4.4.3.2}{\376\377\000m\000a\000i\000n}{subsection.4.4.3}% 38
\BOOKMARK [3][-]{subsubsection.4.4.3.3}{\376\377\000w\000i\000n\000d\000o\000w\000C\000l\000o\000s\000i\000n\000g}{subsection.4.4.3}% 39
\BOOKMARK [1][-]{section.4.5}{\376\377\000X\000m\000p\000p\000P\000a\000n\000e\000l\000\040\000C\000l\000a\000s\000s\000\040\000R\000e\000f\000e\000r\000e\000n\000c\000e}{chapter.4}% 40
\BOOKMARK [2][-]{subsection.4.5.1}{\376\377\000D\000e\000t\000a\000i\000l\000e\000d\000\040\000D\000e\000s\000c\000r\000i\000p\000t\000i\000o\000n}{section.4.5}% 41
\BOOKMARK [2][-]{subsection.4.5.2}{\376\377\000C\000o\000n\000s\000t\000r\000u\000c\000t\000o\000r\000\040\000\046\000\040\000D\000e\000s\000t\000r\000u\000c\000t\000o\000r\000\040\000D\000o\000c\000u\000m\000e\000n\000t\000a\000t\000i\000o\000n}{section.4.5}% 42
\BOOKMARK [3][-]{subsubsection.4.5.2.1}{\376\377\000X\000m\000p\000p\000P\000a\000n\000e\000l}{subsection.4.5.2}% 43
\BOOKMARK [2][-]{subsection.4.5.3}{\376\377\000M\000e\000m\000b\000e\000r\000\040\000F\000u\000n\000c\000t\000i\000o\000n\000\040\000D\000o\000c\000u\000m\000e\000n\000t\000a\000t\000i\000o\000n}{section.4.5}% 44
\BOOKMARK [3][-]{subsubsection.4.5.3.1}{\376\377\000c\000o\000n\000n\000e\000c\000t}{subsection.4.5.3}% 45
\BOOKMARK [3][-]{subsubsection.4.5.3.2}{\376\377\000c\000o\000n\000n\000e\000c\000t\000i\000o\000n\000C\000l\000o\000s\000e\000d}{subsection.4.5.3}% 46
\BOOKMARK [3][-]{subsubsection.4.5.3.3}{\376\377\000c\000o\000n\000n\000e\000c\000t\000i\000o\000n\000C\000l\000o\000s\000e\000d\000O\000n\000E\000r\000r\000o\000r}{subsection.4.5.3}% 47
\BOOKMARK [3][-]{subsubsection.4.5.3.4}{\376\377\000d\000i\000s\000c\000o\000n\000n\000e\000c\000t}{subsection.4.5.3}% 48
\BOOKMARK [3][-]{subsubsection.4.5.3.5}{\376\377\000f\000o\000r\000w\000a\000r\000d\000M\000e\000s\000s\000a\000g\000e}{subsection.4.5.3}% 49
\BOOKMARK [3][-]{subsubsection.4.5.3.6}{\376\377\000h\000a\000n\000d\000l\000e\000S\000I\000P\000M\000e\000s\000s\000a\000g\000e}{subsection.4.5.3}% 50
\BOOKMARK [3][-]{subsubsection.4.5.3.7}{\376\377\000p\000r\000i\000n\000t\000M\000e\000s\000s\000a\000g\000e}{subsection.4.5.3}% 51
\BOOKMARK [3][-]{subsubsection.4.5.3.8}{\376\377\000p\000r\000o\000c\000e\000s\000s\000P\000a\000c\000k\000e\000t}{subsection.4.5.3}% 52
\BOOKMARK [3][-]{subsubsection.4.5.3.9}{\376\377\000r\000e\000c\000o\000n\000n\000e\000c\000t\000i\000n\000g\000I\000n}{subsection.4.5.3}% 53
\BOOKMARK [3][-]{subsubsection.4.5.3.10}{\376\377\000r\000e\000c\000o\000n\000n\000e\000c\000t\000i\000o\000n\000F\000a\000i\000l\000e\000d}{subsection.4.5.3}% 54
\BOOKMARK [3][-]{subsubsection.4.5.3.11}{\376\377\000r\000e\000c\000o\000n\000n\000e\000c\000t\000i\000o\000n\000S\000u\000c\000c\000e\000s\000s\000f\000u\000l}{subsection.4.5.3}% 55
\BOOKMARK [2][-]{subsection.4.5.4}{\376\377\000M\000e\000m\000b\000e\000r\000\040\000D\000a\000t\000a\000\040\000D\000o\000c\000u\000m\000e\000n\000t\000a\000t\000i\000o\000n}{section.4.5}% 56
\BOOKMARK [3][-]{subsubsection.4.5.4.1}{\376\377\000D\000E\000L\000A\000Y}{subsection.4.5.4}% 57
\BOOKMARK [3][-]{subsubsection.4.5.4.2}{\376\377\000l\000a\000b\000e\000l}{subsection.4.5.4}% 58
\BOOKMARK [3][-]{subsubsection.4.5.4.3}{\376\377\000l\000a\000b\000e\000l\000\137\0001}{subsection.4.5.4}% 59
\BOOKMARK [3][-]{subsubsection.4.5.4.4}{\376\377\000l\000b\000l\000X\000m\000p\000p\000C\000o\000n\000n\000e\000c\000t\000i\000o\000n\000s}{subsection.4.5.4}% 60
\BOOKMARK [3][-]{subsubsection.4.5.4.5}{\376\377\000m\000\137\000a\000c\000c\000o\000u\000n\000t\000s}{subsection.4.5.4}% 61
\BOOKMARK [3][-]{subsubsection.4.5.4.6}{\376\377\000m\000\137\000c\000o\000n\000f\000i\000g}{subsection.4.5.4}% 62
\BOOKMARK [3][-]{subsubsection.4.5.4.7}{\376\377\000m\000\137\000c\000o\000n\000n\000e\000c\000t\000i\000o\000n\000L\000i\000s\000t}{subsection.4.5.4}% 63
\BOOKMARK [3][-]{subsubsection.4.5.4.8}{\376\377\000m\000\137\000c\000o\000n\000n\000e\000c\000t\000i\000o\000n\000s}{subsection.4.5.4}% 64
\BOOKMARK [3][-]{subsubsection.4.5.4.9}{\376\377\000m\000\137\000l\000i\000s\000t\000M\000o\000d\000e\000l}{subsection.4.5.4}% 65
\BOOKMARK [3][-]{subsubsection.4.5.4.10}{\376\377\000m\000\137\000l\000o\000g\000A\000r\000e\000a}{subsection.4.5.4}% 66
\BOOKMARK [3][-]{subsubsection.4.5.4.11}{\376\377\000m\000\137\000r\000e\000l\000a\000t\000i\000o\000n\000\137\000i\000n}{subsection.4.5.4}% 67
\BOOKMARK [3][-]{subsubsection.4.5.4.12}{\376\377\000m\000\137\000r\000e\000l\000a\000t\000i\000o\000n\000\137\000o\000u\000t}{subsection.4.5.4}% 68
\BOOKMARK [3][-]{subsubsection.4.5.4.13}{\376\377\000s\000c\000r\000o\000l\000l\000P\000a\000n\000e\000\137\0002}{subsection.4.5.4}% 69
\BOOKMARK [3][-]{subsubsection.4.5.4.14}{\376\377\000s\000e\000r\000i\000a\000l\000V\000e\000r\000s\000i\000o\000n\000U\000I\000D}{subsection.4.5.4}% 70
\BOOKMARK [3][-]{subsubsection.4.5.4.15}{\376\377\000x\000m\000p\000p\000C\000o\000n\000f\000i\000g}{subsection.4.5.4}% 71
\BOOKMARK [0][-]{chapter.5}{\376\377\000F\000i\000l\000e\000\040\000D\000o\000c\000u\000m\000e\000n\000t\000a\000t\000i\000o\000n}{}% 72
\BOOKMARK [1][-]{section.5.1}{\376\377\000s\000r\000c\000/\000S\000e\000r\000v\000e\000r\000.\000j\000a\000v\000a\000\040\000F\000i\000l\000e\000\040\000R\000e\000f\000e\000r\000e\000n\000c\000e}{chapter.5}% 73
\BOOKMARK [1][-]{section.5.2}{\376\377\000s\000r\000c\000/\000W\000T\000F\000C\000o\000n\000n\000e\000c\000t\000i\000o\000n\000.\000j\000a\000v\000a\000\040\000F\000i\000l\000e\000\040\000R\000e\000f\000e\000r\000e\000n\000c\000e}{chapter.5}% 74
\BOOKMARK [1][-]{section.5.3}{\376\377\000s\000r\000c\000/\000X\000m\000p\000p\000C\000o\000n\000n\000e\000c\000t\000i\000o\000n\000H\000a\000n\000d\000l\000e\000r\000.\000j\000a\000v\000a\000\040\000F\000i\000l\000e\000\040\000R\000e\000f\000e\000r\000e\000n\000c\000e}{chapter.5}% 75
\BOOKMARK [1][-]{section.5.4}{\376\377\000s\000r\000c\000/\000X\000m\000p\000p\000G\000a\000t\000e\000w\000a\000y\000.\000j\000a\000v\000a\000\040\000F\000i\000l\000e\000\040\000R\000e\000f\000e\000r\000e\000n\000c\000e}{chapter.5}% 76
\BOOKMARK [1][-]{section.5.5}{\376\377\000s\000r\000c\000/\000X\000m\000p\000p\000P\000a\000n\000e\000l\000.\000j\000a\000v\000a\000\040\000F\000i\000l\000e\000\040\000R\000e\000f\000e\000r\000e\000n\000c\000e}{chapter.5}% 77
\BOOKMARK [-1][-]{section*.15}{\376\377\000I\000n\000d\000e\000x}{}% 78
