#
# A fatal error has been detected by the Java Runtime Environment:
#
#  Internal Error (classFileParser.cpp:3494), pid=4940, tid=6668
#  Error: ShouldNotReachHere()
#
# JRE version: 6.0_27-b07
# Java VM: Java HotSpot(TM) 64-Bit Server VM (20.2-b06 mixed mode windows-amd64 compressed oops)
# If you would like to submit a bug report, please visit:
#   http://java.sun.com/webapps/bugreport/crash.jsp
#

---------------  T H R E A D  ---------------

Current thread (0x000000000028b800):  JavaThread "Unknown thread" [_thread_in_vm, id=6668, stack(0x0000000002560000,0x0000000002660000)]

Stack: [0x0000000002560000,0x0000000002660000]
[error occurred during error reporting (printing stack bounds), id 0xc0000005]


---------------  P R O C E S S  ---------------

Java Threads: ( => current thread )

Other Threads:

=>0x000000000028b800 (exited) JavaThread "Unknown thread" [_thread_in_vm, id=6668, stack(0x0000000002560000,0x0000000002660000)]

VM state:not at safepoint (not fully initialized)

VM Mutex/Monitor currently owned by a thread: None

Dynamic libraries:
0x0000000000400000 - 0x000000000042e000 	C:\Program Files\Java\jre6\bin\javaw.exe
0x0000000077290000 - 0x0000000077439000 	C:\Windows\SYSTEM32\ntdll.dll
0x0000000077020000 - 0x000000007713f000 	C:\Windows\system32\kernel32.dll
0x000007fefd8e0000 - 0x000007fefd94c000 	C:\Windows\system32\KERNELBASE.dll
0x0000000074b00000 - 0x0000000074b3f000 	C:\Program Files\AVAST Software\Avast\snxhk64.dll
0x000007feff250000 - 0x000007feff32b000 	C:\Windows\system32\ADVAPI32.dll
0x000007feff1b0000 - 0x000007feff24f000 	C:\Windows\system32\msvcrt.dll
0x000007fefefd0000 - 0x000007fefefef000 	C:\Windows\SYSTEM32\sechost.dll
0x000007fefea60000 - 0x000007fefeb8d000 	C:\Windows\system32\RPCRT4.dll
0x0000000076bb0000 - 0x0000000076caa000 	C:\Windows\system32\USER32.dll
0x000007feff340000 - 0x000007feff3a7000 	C:\Windows\system32\GDI32.dll
0x000007feff330000 - 0x000007feff33e000 	C:\Windows\system32\LPK.dll
0x000007feff040000 - 0x000007feff109000 	C:\Windows\system32\USP10.dll
0x000007fefefa0000 - 0x000007fefefce000 	C:\Windows\system32\IMM32.DLL
0x000007fefee70000 - 0x000007fefef79000 	C:\Windows\system32\MSCTF.dll
0x000000006d7f0000 - 0x000000006dfa8000 	C:\Program Files\Java\jre6\bin\server\jvm.dll
0x000007fefb8a0000 - 0x000007fefb8db000 	C:\Windows\system32\WINMM.dll
0x000000006d760000 - 0x000000006d76e000 	C:\Program Files\Java\jre6\bin\verify.dll
0x000000006d3b0000 - 0x000000006d3d7000 	C:\Program Files\Java\jre6\bin\java.dll
0x000000006d7b0000 - 0x000000006d7c2000 	C:\Program Files\Java\jre6\bin\zip.dll
0x0000000077460000 - 0x0000000077467000 	C:\Windows\system32\PSAPI.DLL

VM Arguments:
jvm_args: -Dfile.encoding=Cp1252 -Xbootclasspath:C:\Program Files (x86)\Android\android-sdk\platforms\android-10\android.jar 
java_command: dalvik.system.TouchDex
Launcher Type: SUN_STANDARD

Environment Variables:
JAVA_HOME=C:\Program Files\Java\jdk1.6.0_27
PATH=C:\Perl64\site\bin;C:\Perl64\bin;c:\Program Files (x86)\AMD APP\bin\x86_64;c:\Program Files (x86)\AMD APP\bin\x86;C:\Windows\system32;C:\Windows;C:\Windows\System32\Wbem;C:\Windows\System32\WindowsPowerShell\v1.0\;c:\Program Files (x86)\ATI Technologies\ATI.ACE\Core-Static;C:\Program Files (x86)\GNU\GnuPG\pub;C:\Program Files (x86)\Common Files\Acronis\SnapAPI\;C:\texlive\2011\bin\win32;C:\Program Files (x86)\MATLAB\R2009b\runtime\win32;C:\Program Files (x86)\MATLAB\R2009b\bin;C:\ant\bin;C:\Perl64\bin;C:\Python27;C:\Program Files (x86)\GNU\GnuPG;c:\Program Files (x86)\Microsoft SQL Server\100\Tools\Binn\;c:\Program Files\Microsoft SQL Server\100\Tools\Binn\;c:\Program Files\Microsoft SQL Server\100\DTS\Binn\;C:\Program Files\SlikSvn\bin;C:\Program Files (x86)\Graphviz 2.28\bin;C:\Program Files\TortoiseSVN\bin;C:\Program Files (x86)\GnuWin32\bin;C:\Windows\Microsoft.NET\Framework\v4.0.30319;C:\unix;C:\Program Files (x86)\Android\android-sdk\platform-tools;C:\Program Files (x86)\Nmap;C:\Program Files\Mercurial
USERNAME=ch
OS=Windows_NT
PROCESSOR_IDENTIFIER=Intel64 Family 6 Model 37 Stepping 2, GenuineIntel



---------------  S Y S T E M  ---------------

OS: Windows 7 , 64 bit Build 7601 Service Pack 1

CPU:total 4 (2 cores per cpu, 2 threads per core) family 6 model 37 stepping 2, cmov, cx8, fxsr, mmx, sse, sse2, sse3, ssse3, sse4.1, sse4.2, popcnt, ht

Memory: 4k page, physical 8239204k(4264556k free), swap 16476560k(11098840k free)

vm_info: Java HotSpot(TM) 64-Bit Server VM (20.2-b06) for windows-amd64 JRE (1.6.0_27-b07), built on Jul 19 2011 01:08:22 by "java_re" with MS VC++ 8.0 (VS2005)

time: Wed Jan 04 21:32:11 2012
elapsed time: 0 seconds

